TN:
SF:src/IncomeVault.sol
FN:33,IncomeVault.initialize
FNDA:0,IncomeVault.initialize
DA:40,0
DA:40,0
FN:52,IncomeVault.__IncomeVault_init
FNDA:0,IncomeVault.__IncomeVault_init
DA:59,0
DA:59,0
DA:59,0
BRDA:59,0,0,-
BRDA:59,0,1,-
DA:60,0
DA:60,0
DA:62,0
DA:62,0
DA:62,0
DA:62,0
BRDA:62,1,0,-
BRDA:62,1,1,-
DA:63,0
DA:63,0
DA:65,0
DA:65,0
DA:65,0
DA:65,0
BRDA:65,2,0,-
BRDA:65,2,1,-
DA:66,0
DA:66,0
DA:68,0
DA:68,0
DA:69,0
DA:69,0
DA:70,0
DA:70,0
DA:71,0
DA:71,0
DA:74,0
DA:74,0
DA:75,0
DA:75,0
DA:77,0
DA:77,0
DA:78,0
DA:78,0
FN:84,IncomeVault._msgSender
FNDA:0,IncomeVault._msgSender
DA:90,0
DA:90,0
DA:90,0
FN:96,IncomeVault._msgData
FNDA:0,IncomeVault._msgData
DA:102,0
DA:102,0
DA:102,0
FN:105,IncomeVault._contextSuffixLength
FNDA:0,IncomeVault._contextSuffixLength
DA:108,0
DA:108,0
DA:108,0
FNF:5
FNH:0
LF:18
LH:0
BRF:6
BRH:0
end_of_record
TN:
SF:src/lib/IncomeVaultInternal.sol
FN:28,IncomeVaultInternal._computeDividendBatch
FNDA:0,IncomeVaultInternal._computeDividendBatch
DA:29,0
DA:29,0
DA:30,0
DA:30,0
DA:31,0
DA:31,0
DA:31,0
DA:31,0
DA:32,0
DA:32,0
BRDA:32,0,0,-
BRDA:32,0,1,-
DA:33,0
DA:33,0
FN:43,IncomeVaultInternal._computeDividend
FNDA:0,IncomeVaultInternal._computeDividend
DA:44,0
DA:44,0
BRDA:44,1,0,-
BRDA:44,1,1,-
DA:45,0
DA:45,0
DA:53,0
DA:53,0
DA:55,0
DA:55,0
FN:63,IncomeVaultInternal._transferDividend
FNDA:0,IncomeVaultInternal._transferDividend
DA:65,0
DA:65,0
DA:66,0
DA:66,0
DA:69,0
DA:69,0
BRDA:69,2,0,-
BRDA:69,2,1,-
DA:72,0
DA:72,0
FNF:3
FNH:0
LF:13
LH:0
BRF:6
BRH:0
end_of_record
TN:
SF:src/public/IncomeVaultOpen.sol
FN:17,IncomeVaultOpen.claimDividend
FNDA:0,IncomeVaultOpen.claimDividend
DA:19,0
DA:19,0
BRDA:19,0,0,-
BRDA:19,0,1,-
DA:20,0
DA:20,0
DA:22,0
DA:22,0
DA:22,0
DA:24,0
BRDA:24,1,0,-
BRDA:24,1,1,-
DA:25,0
DA:25,0
DA:28,0
DA:28,0
DA:28,0
DA:29,0
DA:29,0
BRDA:29,2,0,-
BRDA:29,2,1,-
DA:30,0
DA:30,0
DA:33,0
DA:33,0
DA:33,0
DA:36,0
DA:36,0
BRDA:36,3,0,-
BRDA:36,3,1,-
DA:37,0
DA:37,0
DA:39,0
DA:39,0
FN:47,IncomeVaultOpen.claimDividendBatch
FNDA:0,IncomeVaultOpen.claimDividendBatch
DA:49,0
DA:49,0
DA:49,0
DA:49,0
DA:50,0
DA:50,0
BRDA:50,4,0,-
BRDA:50,4,1,-
DA:51,0
DA:51,0
DA:54,0
DA:54,0
DA:54,0
DA:55,0
DA:55,0
DA:55,0
DA:56,0
DA:56,0
DA:58,0
DA:58,0
DA:58,0
DA:59,0
DA:59,0
DA:59,0
DA:59,0
DA:60,0
DA:60,0
DA:60,0
BRDA:60,5,0,-
BRDA:60,5,1,-
DA:61,0
DA:61,0
DA:61,0
DA:64,0
DA:64,0
BRDA:64,6,0,-
BRDA:64,6,1,-
DA:65,0
DA:65,0
DA:68,0
DA:68,0
FNF:2
FNH:0
LF:25
LH:0
BRF:14
BRH:0
end_of_record
TN:
SF:src/public/IncomeVaultRestricted.sol
FN:23,IncomeVaultRestricted.deposit
FNDA:0,IncomeVaultRestricted.deposit
DA:24,0
DA:24,0
DA:24,0
DA:25,0
DA:25,0
BRDA:25,0,0,-
BRDA:25,0,1,-
DA:26,0
DA:26,0
DA:28,0
DA:28,0
DA:29,0
DA:29,0
DA:31,0
DA:31,0
FN:40,IncomeVaultRestricted.withdraw
FNDA:0,IncomeVaultRestricted.withdraw
DA:41,0
DA:41,0
DA:41,0
DA:42,0
DA:42,0
BRDA:42,1,0,-
BRDA:42,1,1,-
DA:43,0
DA:43,0
DA:45,0
DA:45,0
BRDA:45,2,0,-
BRDA:45,2,1,-
DA:46,0
DA:46,0
DA:48,0
DA:48,0
DA:50,0
DA:50,0
FN:58,IncomeVaultRestricted.withdrawAll
FNDA:0,IncomeVaultRestricted.withdrawAll
DA:59,0
DA:59,0
DA:59,0
DA:60,0
DA:60,0
BRDA:60,3,0,-
BRDA:60,3,1,-
DA:61,0
DA:61,0
DA:64,0
DA:64,0
FN:72,IncomeVaultRestricted.distributeDividend
FNDA:0,IncomeVaultRestricted.distributeDividend
DA:74,0
DA:74,0
BRDA:74,4,0,-
BRDA:74,4,1,-
DA:75,0
DA:75,0
DA:78,0
DA:78,0
DA:78,0
DA:80,0
DA:80,0
DA:80,0
DA:82,0
DA:82,0
DA:82,0
DA:82,0
DA:84,0
DA:84,0
BRDA:84,5,0,-
BRDA:84,5,1,-
DA:86,0
DA:86,0
BRDA:86,6,0,-
BRDA:86,6,1,-
DA:87,0
DA:87,0
FN:99,IncomeVaultRestricted.setStatusClaim
FNDA:0,IncomeVaultRestricted.setStatusClaim
DA:100,0
DA:100,0
FNF:5
FNH:0
LF:26
LH:0
BRF:14
BRH:0
end_of_record
